2024-08-09 10:40:52 - selenium.webdriver.common.selenium_manager - DEBUG - Selenium Manager binary found at: C:\Projetos\Python\Notas Fiscais\venv\Lib\site-packages\selenium\webdriver\common\windows\selenium-manager.exe
2024-08-09 10:40:52 - selenium.webdriver.common.selenium_manager - DEBUG - Executing process: C:\Projetos\Python\Notas Fiscais\venv\Lib\site-packages\selenium\webdriver\common\windows\selenium-manager.exe --browser MicrosoftEdge --debug --language-binding python --output json
2024-08-09 10:40:53 - selenium.webdriver.common.selenium_manager - DEBUG - msedgedriver not found in PATH
2024-08-09 10:40:53 - selenium.webdriver.common.selenium_manager - DEBUG - MicrosoftEdge detected at C:\Program Files (x86)\Microsoft\Edge\Application\msedge.exe
2024-08-09 10:40:53 - selenium.webdriver.common.selenium_manager - DEBUG - Running command: wmic datafile where name='C:\\Program Files (x86)\\Microsoft\\Edge\\Application\\msedge.exe' get Version /value
2024-08-09 10:40:53 - selenium.webdriver.common.selenium_manager - DEBUG - Output: "\r\r\n\r\r\nVersion=127.0.2651.86\r\r\n\r\r\n\r\r\n\r"
2024-08-09 10:40:53 - selenium.webdriver.common.selenium_manager - DEBUG - Detected browser: MicrosoftEdge 127.0.2651.86
2024-08-09 10:40:53 - selenium.webdriver.common.selenium_manager - DEBUG - Required driver: msedgedriver 127.0.2651.98
2024-08-09 10:40:53 - selenium.webdriver.common.selenium_manager - DEBUG - msedgedriver 127.0.2651.98 already in the cache
2024-08-09 10:40:53 - selenium.webdriver.common.selenium_manager - DEBUG - Driver path: C:\Users\miran\.cache\selenium\msedgedriver\win64\127.0.2651.98\msedgedriver.exe
2024-08-09 10:40:53 - selenium.webdriver.common.selenium_manager - DEBUG - Browser path: C:\Program Files (x86)\Microsoft\Edge\Application\msedge.exe
2024-08-09 10:40:53 - selenium.webdriver.common.selenium_manager - DEBUG - Using driver at: C:\Users\miran\.cache\selenium\msedgedriver\win64\127.0.2651.98\msedgedriver.exe
2024-08-09 10:40:53 - selenium.webdriver.common.service - DEBUG - Started executable: `C:\Users\miran\.cache\selenium\msedgedriver\win64\127.0.2651.98\msedgedriver.exe` in a child process with pid: 10508 using 0 to output -3
2024-08-09 10:40:53 - selenium.webdriver.remote.remote_connection - DEBUG - POST http://localhost:53869/session {'capabilities': {'firstMatch': [{}], 'alwaysMatch': {'browserName': 'MicrosoftEdge', 'pageLoadStrategy': <PageLoadStrategy.normal: 'normal'>, 'browserVersion': None, 'ms:edgeOptions': {'extensions': [], 'binary': 'C:\\Program Files (x86)\\Microsoft\\Edge\\Application\\msedge.exe', 'args': []}}}}
2024-08-09 10:40:54 - selenium.webdriver.remote.remote_connection - DEBUG - Remote response: status=200 | data={"value":{"capabilities":{"acceptInsecureCerts":false,"browserName":"MicrosoftEdge","browserVersion":"127.0.2651.86","fedcm:accounts":true,"ms:edgeOptions":{"debuggerAddress":"localhost:53872"},"msedge":{"msedgedriverVersion":"127.0.2651.98 (9996f88545e18c16921985a1cf83cfb2dd39e851)","userDataDir":"C:\\Users\\miran\\AppData\\Local\\Temp\\scoped_dir10508_2005405211"},"networkConnectionEnabled":false,"pageLoadStrategy":"normal","platformName":"windows","proxy":{},"setWindowRect":true,"strictFileInteractability":false,"timeouts":{"implicit":0,"pageLoad":300000,"script":30000},"unhandledPromptBehavior":"dismiss and notify","webauthn:extension:credBlob":true,"webauthn:extension:largeBlob":true,"webauthn:extension:minPinLength":true,"webauthn:extension:prf":true,"webauthn:virtualAuthenticators":true},"sessionId":"9a7fee3d8ff4153d9da193f0cb283c5b"}} | headers=HTTPHeaderDict({'Content-Length': '854', 'Content-Type': 'application/json; charset=utf-8', 'cache-control': 'no-cache'})
2024-08-09 10:40:54 - selenium.webdriver.remote.remote_connection - DEBUG - Finished Request
2024-08-09 10:40:54 - selenium.webdriver.remote.remote_connection - DEBUG - POST http://localhost:53869/session/9a7fee3d8ff4153d9da193f0cb283c5b/window/maximize {}
2024-08-09 10:40:54 - selenium.webdriver.remote.remote_connection - DEBUG - Remote response: status=200 | data={"value":{"height":946,"width":1755,"x":-8,"y":-8}} | headers=HTTPHeaderDict({'Content-Length': '51', 'Content-Type': 'application/json; charset=utf-8', 'cache-control': 'no-cache'})
2024-08-09 10:40:54 - selenium.webdriver.remote.remote_connection - DEBUG - Finished Request
2024-08-09 10:40:54 - selenium.webdriver.remote.remote_connection - DEBUG - POST http://localhost:53869/session/9a7fee3d8ff4153d9da193f0cb283c5b/url {'url': 'https://agiliblue.agilicloud.com.br'}
2024-08-09 10:40:54 - selenium.webdriver.remote.remote_connection - DEBUG - Remote response: status=200 | data={"value":null} | headers=HTTPHeaderDict({'Content-Length': '14', 'Content-Type': 'application/json; charset=utf-8', 'cache-control': 'no-cache'})
2024-08-09 10:40:54 - selenium.webdriver.remote.remote_connection - DEBUG - Finished Request
2024-08-09 10:40:54 - selenium.webdriver.remote.remote_connection - DEBUG - POST http://localhost:53869/session/9a7fee3d8ff4153d9da193f0cb283c5b/element {'using': 'xpath', 'value': '/html/body/div[2]/div[2]/div[5]'}
2024-08-09 10:40:54 - selenium.webdriver.remote.remote_connection - DEBUG - Remote response: status=200 | data={"value":{"element-6066-11e4-a52e-4f735466cecf":"f.FB9F94D369807707C04A669E9F62639D.d.519E73AEB9DEA9AEBCF38F800E9B8454.e.2"}} | headers=HTTPHeaderDict({'Content-Length': '125', 'Content-Type': 'application/json; charset=utf-8', 'cache-control': 'no-cache'})
2024-08-09 10:40:54 - selenium.webdriver.remote.remote_connection - DEBUG - Finished Request
2024-08-09 10:40:54 - selenium.webdriver.remote.remote_connection - DEBUG - POST http://localhost:53869/session/9a7fee3d8ff4153d9da193f0cb283c5b/element/f.FB9F94D369807707C04A669E9F62639D.d.519E73AEB9DEA9AEBCF38F800E9B8454.e.2/click {}
2024-08-09 10:40:56 - selenium.webdriver.remote.remote_connection - DEBUG - Remote response: status=200 | data={"value":null} | headers=HTTPHeaderDict({'Content-Length': '14', 'Content-Type': 'application/json; charset=utf-8', 'cache-control': 'no-cache'})
2024-08-09 10:40:56 - selenium.webdriver.remote.remote_connection - DEBUG - Finished Request
2024-08-09 10:40:56 - selenium.webdriver.remote.remote_connection - DEBUG - POST http://localhost:53869/session/9a7fee3d8ff4153d9da193f0cb283c5b/element {'using': 'xpath', 'value': '//*[@id="textfield-1015-inputEl"]'}
2024-08-09 10:40:56 - selenium.webdriver.remote.remote_connection - DEBUG - Remote response: status=200 | data={"value":{"element-6066-11e4-a52e-4f735466cecf":"f.FB9F94D369807707C04A669E9F62639D.d.94C78BAD2F453A9FE9D82BA5A1C5865D.e.16"}} | headers=HTTPHeaderDict({'Content-Length': '126', 'Content-Type': 'application/json; charset=utf-8', 'cache-control': 'no-cache'})
2024-08-09 10:40:56 - selenium.webdriver.remote.remote_connection - DEBUG - Finished Request
2024-08-09 10:40:56 - selenium.webdriver.remote.remote_connection - DEBUG - POST http://localhost:53869/session/9a7fee3d8ff4153d9da193f0cb283c5b/element/f.FB9F94D369807707C04A669E9F62639D.d.94C78BAD2F453A9FE9D82BA5A1C5865D.e.16/clear {}
2024-08-09 10:40:56 - selenium.webdriver.remote.remote_connection - DEBUG - Remote response: status=200 | data={"value":null} | headers=HTTPHeaderDict({'Content-Length': '14', 'Content-Type': 'application/json; charset=utf-8', 'cache-control': 'no-cache'})
2024-08-09 10:40:56 - selenium.webdriver.remote.remote_connection - DEBUG - Finished Request
2024-08-09 10:40:56 - selenium.webdriver.remote.remote_connection - DEBUG - POST http://localhost:53869/session/9a7fee3d8ff4153d9da193f0cb283c5b/element/f.FB9F94D369807707C04A669E9F62639D.d.94C78BAD2F453A9FE9D82BA5A1C5865D.e.16/value {'text': '03084268193', 'value': ['0', '3', '0', '8', '4', '2', '6', '8', '1', '9', '3']}
2024-08-09 10:40:56 - selenium.webdriver.remote.remote_connection - DEBUG - Remote response: status=200 | data={"value":null} | headers=HTTPHeaderDict({'Content-Length': '14', 'Content-Type': 'application/json; charset=utf-8', 'cache-control': 'no-cache'})
2024-08-09 10:40:56 - selenium.webdriver.remote.remote_connection - DEBUG - Finished Request
2024-08-09 10:40:57 - selenium.webdriver.remote.remote_connection - DEBUG - POST http://localhost:53869/session/9a7fee3d8ff4153d9da193f0cb283c5b/element {'using': 'xpath', 'value': '//*[@id="textfield-1017-inputEl"]'}
2024-08-09 10:40:57 - selenium.webdriver.remote.remote_connection - DEBUG - Remote response: status=200 | data={"value":{"element-6066-11e4-a52e-4f735466cecf":"f.FB9F94D369807707C04A669E9F62639D.d.94C78BAD2F453A9FE9D82BA5A1C5865D.e.15"}} | headers=HTTPHeaderDict({'Content-Length': '126', 'Content-Type': 'application/json; charset=utf-8', 'cache-control': 'no-cache'})
2024-08-09 10:40:57 - selenium.webdriver.remote.remote_connection - DEBUG - Finished Request
2024-08-09 10:40:57 - selenium.webdriver.remote.remote_connection - DEBUG - POST http://localhost:53869/session/9a7fee3d8ff4153d9da193f0cb283c5b/element/f.FB9F94D369807707C04A669E9F62639D.d.94C78BAD2F453A9FE9D82BA5A1C5865D.e.15/clear {}
2024-08-09 10:40:57 - selenium.webdriver.remote.remote_connection - DEBUG - Remote response: status=200 | data={"value":null} | headers=HTTPHeaderDict({'Content-Length': '14', 'Content-Type': 'application/json; charset=utf-8', 'cache-control': 'no-cache'})
2024-08-09 10:40:57 - selenium.webdriver.remote.remote_connection - DEBUG - Finished Request
2024-08-09 10:40:57 - selenium.webdriver.remote.remote_connection - DEBUG - POST http://localhost:53869/session/9a7fee3d8ff4153d9da193f0cb283c5b/element/f.FB9F94D369807707C04A669E9F62639D.d.94C78BAD2F453A9FE9D82BA5A1C5865D.e.15/value {'text': '030.842.681-93', 'value': ['0', '3', '0', '.', '8', '4', '2', '.', '6', '8', '1', '-', '9', '3']}
2024-08-09 10:40:57 - selenium.webdriver.remote.remote_connection - DEBUG - Remote response: status=200 | data={"value":null} | headers=HTTPHeaderDict({'Content-Length': '14', 'Content-Type': 'application/json; charset=utf-8', 'cache-control': 'no-cache'})
2024-08-09 10:40:57 - selenium.webdriver.remote.remote_connection - DEBUG - Finished Request
2024-08-09 10:40:58 - selenium.webdriver.remote.remote_connection - DEBUG - POST http://localhost:53869/session/9a7fee3d8ff4153d9da193f0cb283c5b/element {'using': 'xpath', 'value': '//*[@id="button-1049"]'}
2024-08-09 10:40:58 - selenium.webdriver.remote.remote_connection - DEBUG - Remote response: status=200 | data={"value":{"element-6066-11e4-a52e-4f735466cecf":"f.FB9F94D369807707C04A669E9F62639D.d.94C78BAD2F453A9FE9D82BA5A1C5865D.e.33"}} | headers=HTTPHeaderDict({'Content-Length': '126', 'Content-Type': 'application/json; charset=utf-8', 'cache-control': 'no-cache'})
2024-08-09 10:40:58 - selenium.webdriver.remote.remote_connection - DEBUG - Finished Request
2024-08-09 10:40:58 - selenium.webdriver.remote.remote_connection - DEBUG - POST http://localhost:53869/session/9a7fee3d8ff4153d9da193f0cb283c5b/element/f.FB9F94D369807707C04A669E9F62639D.d.94C78BAD2F453A9FE9D82BA5A1C5865D.e.33/click {}
2024-08-09 10:40:58 - selenium.webdriver.remote.remote_connection - DEBUG - Remote response: status=200 | data={"value":null} | headers=HTTPHeaderDict({'Content-Length': '14', 'Content-Type': 'application/json; charset=utf-8', 'cache-control': 'no-cache'})
2024-08-09 10:40:58 - selenium.webdriver.remote.remote_connection - DEBUG - Finished Request
2024-08-09 10:40:58 - selenium.webdriver.remote.remote_connection - DEBUG - POST http://localhost:53869/session/9a7fee3d8ff4153d9da193f0cb283c5b/element {'using': 'xpath', 'value': '//*[@id="aglcombobox-1065-inputEl"]'}
2024-08-09 10:40:58 - selenium.webdriver.remote.remote_connection - DEBUG - Remote response: status=404 | data={"value":{"error":"no such element","message":"no such element: Unable to locate element: {\"method\":\"xpath\",\"selector\":\"//*[@id=\"aglcombobox-1065-inputEl\"]\"}\n  (Session info: MicrosoftEdge=127.0.2651.86)","stacktrace":"\tGetHandleVerifier [0x00007FF7ECFD05F2+11762]\n\tMicrosoft::Applications::Events::ILogConfiguration::operator* [0x00007FF7ECF70939+271465]\n\t(No symbol) [0x00007FF7ECD8FE6E]\n\t(No symbol) [0x00007FF7ECDD6964]\n\t(No symbol) [0x00007FF7ECDD69EB]\n\t(No symbol) [0x00007FF7ECE12107]\n\t(No symbol) [0x00007FF7ECDF5F7F]\n\t(No symbol) [0x00007FF7ECDCC2FD]\n\t(No symbol) [0x00007FF7ECE0FA97]\n\t(No symbol) [0x00007FF7ECDF5BA3]\n\t(No symbol) [0x00007FF7ECDCB80C]\n\t(No symbol) [0x00007FF7ECDCACED]\n\t(No symbol) [0x00007FF7ECDCB3D1]\n\tMicrosoft::Applications::Events::EventProperty::empty [0x00007FF7ED14B574+879700]\n\tMicrosoft::Applications::Events::EventProperty::~EventProperty [0x00007FF7ECF05D5F+56159]\n\tMicrosoft::Applications::Events::EventProperty::~EventProperty [0x00007FF7ECEF86F3+1267]\n\tMicrosoft::Applications::Events::EventProperty::empty [0x00007FF7ED14A2CD+874925]\n\tMicrosoft::Applications::Events::ILogConfiguration::operator* [0x00007FF7ECF78531+303201]\n\tMicrosoft::Applications::Events::ILogConfiguration::operator* [0x00007FF7ECF748F4+287780]\n\tMicrosoft::Applications::Events::ILogConfiguration::operator* [0x00007FF7ECF74A2B+288091]\n\tMicrosoft::Applications::Events::ILogConfiguration::operator* [0x00007FF7ECF6C980+255152]\n\tBaseThreadInitThunk [0x00007FFE4A16257D+29]\n\tRtlUserThreadStart [0x00007FFE4ADAAF28+40]\n"}} | headers=HTTPHeaderDict({'Content-Length': '1590', 'Content-Type': 'application/json; charset=utf-8', 'cache-control': 'no-cache'})
2024-08-09 10:40:58 - selenium.webdriver.remote.remote_connection - DEBUG - Finished Request
2024-08-09 10:40:59 - selenium.webdriver.remote.remote_connection - DEBUG - POST http://localhost:53869/session/9a7fee3d8ff4153d9da193f0cb283c5b/element {'using': 'xpath', 'value': '//*[@id="aglcombobox-1065-inputEl"]'}
2024-08-09 10:40:59 - selenium.webdriver.remote.remote_connection - DEBUG - Remote response: status=200 | data={"value":{"element-6066-11e4-a52e-4f735466cecf":"f.FB9F94D369807707C04A669E9F62639D.d.94C78BAD2F453A9FE9D82BA5A1C5865D.e.38"}} | headers=HTTPHeaderDict({'Content-Length': '126', 'Content-Type': 'application/json; charset=utf-8', 'cache-control': 'no-cache'})
2024-08-09 10:40:59 - selenium.webdriver.remote.remote_connection - DEBUG - Finished Request
2024-08-09 10:40:59 - selenium.webdriver.remote.remote_connection - DEBUG - POST http://localhost:53869/session/9a7fee3d8ff4153d9da193f0cb283c5b/element {'using': 'xpath', 'value': '//*[@id="aglcombobox-1065-inputEl"]'}
2024-08-09 10:40:59 - selenium.webdriver.remote.remote_connection - DEBUG - Remote response: status=200 | data={"value":{"element-6066-11e4-a52e-4f735466cecf":"f.FB9F94D369807707C04A669E9F62639D.d.94C78BAD2F453A9FE9D82BA5A1C5865D.e.38"}} | headers=HTTPHeaderDict({'Content-Length': '126', 'Content-Type': 'application/json; charset=utf-8', 'cache-control': 'no-cache'})
2024-08-09 10:40:59 - selenium.webdriver.remote.remote_connection - DEBUG - Finished Request
2024-08-09 10:40:59 - selenium.webdriver.remote.remote_connection - DEBUG - POST http://localhost:53869/session/9a7fee3d8ff4153d9da193f0cb283c5b/element/f.FB9F94D369807707C04A669E9F62639D.d.94C78BAD2F453A9FE9D82BA5A1C5865D.e.38/clear {}
2024-08-09 10:40:59 - selenium.webdriver.remote.remote_connection - DEBUG - Remote response: status=400 | data={"value":{"error":"element not interactable","message":"element not interactable\n  (Session info: MicrosoftEdge=127.0.2651.86)","stacktrace":"\tGetHandleVerifier [0x00007FF7ECFD05F2+11762]\n\tMicrosoft::Applications::Events::ILogConfiguration::operator* [0x00007FF7ECF70939+271465]\n\t(No symbol) [0x00007FF7ECD8FCD5]\n\t(No symbol) [0x00007FF7ECDCDF4A]\n\t(No symbol) [0x00007FF7ECDF5F3A]\n\t(No symbol) [0x00007FF7ECDCC2FD]\n\t(No symbol) [0x00007FF7ECDCC1CD]\n\t(No symbol) [0x00007FF7ECDF6220]\n\t(No symbol) [0x00007FF7ECDCC2FD]\n\t(No symbol) [0x00007FF7ECE0FA97]\n\t(No symbol) [0x00007FF7ECDF5BA3]\n\t(No symbol) [0x00007FF7ECDCB80C]\n\t(No symbol) [0x00007FF7ECDCACED]\n\t(No symbol) [0x00007FF7ECDCB3D1]\n\tMicrosoft::Applications::Events::EventProperty::empty [0x00007FF7ED14B574+879700]\n\tMicrosoft::Applications::Events::EventProperty::~EventProperty [0x00007FF7ECF05D5F+56159]\n\tMicrosoft::Applications::Events::EventProperty::~EventProperty [0x00007FF7ECEF86F3+1267]\n\tMicrosoft::Applications::Events::EventProperty::empty [0x00007FF7ED14A2CD+874925]\n\tMicrosoft::Applications::Events::ILogConfiguration::operator* [0x00007FF7ECF78531+303201]\n\tMicrosoft::Applications::Events::ILogConfiguration::operator* [0x00007FF7ECF748F4+287780]\n\tMicrosoft::Applications::Events::ILogConfiguration::operator* [0x00007FF7ECF74A2B+288091]\n\tMicrosoft::Applications::Events::ILogConfiguration::operator* [0x00007FF7ECF6C980+255152]\n\tBaseThreadInitThunk [0x00007FFE4A16257D+29]\n\tRtlUserThreadStart [0x00007FFE4ADAAF28+40]\n"}} | headers=HTTPHeaderDict({'Content-Length': '1539', 'Content-Type': 'application/json; charset=utf-8', 'cache-control': 'no-cache'})
2024-08-09 10:40:59 - selenium.webdriver.remote.remote_connection - DEBUG - Finished Request
